%!Adobe-FontList 1.16
%Locale:0x804

%BeginFont
Handler:DirectoryHandler
FontType:TrueType
FontName:ArialNarrow
FamilyName:Arial
StyleName:Narrow
FullName:Arial Narrow
MenuName:Arial Narrow
StyleBits:0
WritingScript:Roman
OutlineFileName:D:\phpStudy\WWW\2016-7-29\Chocolate\Font\ARIALN_2.TTF
DataFormat:sfntData
FileLength:173936
FileModTime:1469673077
WeightClass:400
WidthClass:3
AngleClass:0
NameArray:0,Mac,4,Arial Narrow
NameArray:0,Win,1,Arial Narrow
NameArray:0,Win,16,Arial
%EndFont

%BeginFont
Handler:DirectoryHandler
FontType:TrueType
FontName:Didot-HTF-L24-Light-Ital
FamilyName:Didot-HTF-L24-Light-Ital
StyleName:Medium Italic
FullName:Didot-HTF-L24-Light-Ital
MenuName:Didot-HTF-L24-Light-Ital
StyleBits:1
WritingScript:Roman
OutlineFileName:D:\phpStudy\WWW\2016-7-29\Chocolate\Font\didot-htf-l24-light-ital.ttf
DataFormat:sfntData
FileLength:49760
FileModTime:1469673077
WeightClass:500
WidthClass:5
AngleClass:0
NameArray:0,Mac,4,Didot-HTF-L24-Light-Ital
NameArray:0,Win,1,Didot-HTF-L24-Light-Ital
%EndFont

%BeginFont
Handler:DirectoryHandler
FontType:TrueType
FontName:ItalicT
FamilyName:ItalicT
StyleName:Regular
FullName:ItalicT
MenuName:ItalicT
StyleBits:0
WritingScript:Roman
OutlineFileName:D:\phpStudy\WWW\2016-7-29\Chocolate\Font\italict.ttf
DataFormat:sfntData
FileLength:53764
FileModTime:1469679852
WeightClass:400
WidthClass:5
AngleClass:0
NameArray:0,Mac,4,ItalicT
NameArray:0,Win,1,ItalicT
NameArray:0,Win,16,ItalicT
%EndFont

%BeginFont
Handler:DirectoryHandler
FontType:Type1
FontName:MinionPro-Medium
FamilyName:Minion Pro
StyleName:Medium
FullName:Minion Pro Medium
MenuName:Minion Pro Med
StyleBits:0
WritingScript:Roman
OutlineFileName:D:\phpStudy\WWW\2016-7-29\Chocolate\Font\MinionPro-Medium.otf
DataFormat:sfntData
UsesStandardEncoding:yes
isCFF:yes
FileLength:219416
FileModTime:1469673077
WeightClass:500
WidthClass:5
AngleClass:0
DesignSize:110
NameArray:0,Mac,18,Minion Pro Med
NameArray:0,Mac,4,Minion Pro Medium
NameArray:0,Win,1,Minion Pro Med
NameArray:0,Win,16,Minion Pro
%EndFont

